<?xml version="1.0" encoding="UTF-8"?>
<!-- Generated by org.testng.reporters.JUnitReportReporter -->
<testsuite hostname="DCKAQOC-050" failures="0" tests="1" name="com.demo.Demo" time="0.017" errors="0" timestamp="2023-02-14T11:20:47 IST" skipped="0">
  <testcase classname="com.demo.Demo" name="empId" time="0.017"/>
  <system-out/>
</testsuite> <!-- com.demo.Demo -->
